<?xml version="1.0" encoding="UTF-8"?>
<!-- Generated by org.testng.reporters.JUnitReportReporter -->
<testsuite hostname="DESKTOP-BSREHGF" failures="0" tests="1" name="homePageTestCases.SearchProduct" time="29.893" errors="0" timestamp="2023-08-27T11:29:57 IST" skipped="0">
  <testcase classname="homePageTestCases.SearchProduct" name="searchMobiles" time="29.893"/>
  <system-out/>
</testsuite> <!-- homePageTestCases.SearchProduct -->
